Arguments: 
  /usr/local/Cellar/node@10/10.16.2/bin/node /usr/local/Cellar/yarn/1.17.3/libexec/bin/yarn.js add bcrypt body-parser express gravatar jsonwebtoken mongoose passport passport-jwt valudator

PATH: 
  /usr/local/Cellar/node@10/bin:/usr/local/opt/node@10/bin:/usr/local/opt/node@10/bin:/usr/local/opt/node@10/bin:/usr/local/Cellar/node@8/bin:/usr/local/Cellar/node@8/bin:/usr/local/opt/node@8/bin:/usr/local/opt/node@8/bin:/usr/local/opt/node@8/bin:/usr/local/opt/node@8/bin:/usr/local/opt/node@8/bin:/usr/local/opt/node@8/bin:/usr/local/bin:/usr/bin:/bin:/usr/sbin:/sbin:/usr/local/share/dotnet:~/.dotnet/tools:/Library/Frameworks/Mono.framework/Versions/Current/Commands:/usr/local/Cellar/node@10/bin:/usr/local/opt/node@10/bin:/usr/local/Cellar/node@8/bin:/usr/local/opt/node@8/bin:/usr/local/mongodb/bin:/usr/local/mongodb/bin

Yarn version: 
  1.17.3

Node version: 
  10.16.2

Platform: 
  darwin x64

Trace: 
  Error: https://registry.npmjs.org/valudator: Not found
      at Request.params.callback [as _callback] (/usr/local/Cellar/yarn/1.17.3/libexec/lib/cli.js:66830:18)
      at Request.self.callback (/usr/local/Cellar/yarn/1.17.3/libexec/lib/cli.js:140464:22)
      at Request.emit (events.js:198:13)
      at Request.<anonymous> (/usr/local/Cellar/yarn/1.17.3/libexec/lib/cli.js:141436:10)
      at Request.emit (events.js:198:13)
      at IncomingMessage.<anonymous> (/usr/local/Cellar/yarn/1.17.3/libexec/lib/cli.js:141358:12)
      at Object.onceWrapper (events.js:286:20)
      at IncomingMessage.emit (events.js:203:15)
      at endReadableNT (_stream_readable.js:1145:12)
      at process._tickCallback (internal/process/next_tick.js:63:19)

npm manifest: 
  {
    "name": "backend",
    "version": "1.0.0",
    "description": "",
    "main": "index.js",
    "scripts": {
      "test": "echo \"Error: no test specified\" && exit 1"
    },
    "keywords": [],
    "author": "",
    "license": "ISC",
    "devDependencies": {
      "nodemon": "^1.19.2"
    }
  }

yarn manifest: 
  No manifest

Lockfile: 
  No lockfile
